<?xml version="1.0" encoding="UTF-8"?>
<!-- Generated by org.testng.reporters.JUnitReportReporter -->
<testsuite hostname="Desktop-Dipisha" name="com.tameeni.health.tests.TestCase_Class" tests="1" failures="0" timestamp="26 Apr 2018 13:14:14 GMT" time="181.275" errors="0">
  <testcase name="selectTestss" time="181.275" classname="com.tameeni.health.tests.TestCase_Class"/>
</testsuite> <!-- com.tameeni.health.tests.TestCase_Class -->
