<?xml version="1.0" encoding="UTF-8"?>
<!-- Generated by org.testng.reporters.JUnitReportReporter -->
<testsuite hostname="Desktop-Dipisha" name="com.tameeni.health.tests.TestCase_Class" tests="1" failures="0" timestamp="27 Apr 2018 14:02:29 GMT" time="160.030" errors="0">
  <testcase name="selectTestss" time="160.030" classname="com.tameeni.health.tests.TestCase_Class"/>
</testsuite> <!-- com.tameeni.health.tests.TestCase_Class -->
