<?xml version="1.0" encoding="UTF-8"?>
<!-- Generated by org.testng.reporters.JUnitReportReporter -->
<testsuite hostname="Desktop-Dipisha" name="com.tameeni.health.tests.TestCases" tests="1" failures="0" timestamp="5 Feb 2018 12:19:35 GMT" time="0.007" errors="0">
  <testcase name="selectTests" time="0.007" classname="com.tameeni.health.tests.TestCases"/>
</testsuite> <!-- com.tameeni.health.tests.TestCases -->
