<?xml version="1.0" encoding="UTF-8"?>
<!-- Generated by org.testng.reporters.JUnitReportReporter -->
<testsuite hostname="Desktop-Dipisha" name="com.tameeni.health.tests.TestCase_Class" tests="1" failures="0" timestamp="25 Apr 2018 14:47:10 GMT" time="147.216" errors="0">
  <testcase name="selectTestss" time="147.216" classname="com.tameeni.health.tests.TestCase_Class"/>
</testsuite> <!-- com.tameeni.health.tests.TestCase_Class -->
